[debug] [2018-05-08T16:24:09.545Z] ----------------------------------------------------------------------
[debug] [2018-05-08T16:24:09.547Z] Command:       /usr/local/bin/node /usr/local/bin/firebase serve --only functions
[debug] [2018-05-08T16:24:09.547Z] CLI Version:   3.18.4
[debug] [2018-05-08T16:24:09.547Z] Platform:      darwin
[debug] [2018-05-08T16:24:09.547Z] Node Version:  v8.6.0
[debug] [2018-05-08T16:24:09.548Z] Time:          Wed May 09 2018 01:24:09 GMT+0900 (JST)
[debug] [2018-05-08T16:24:09.548Z] ----------------------------------------------------------------------
[debug] 
[debug] [2018-05-08T16:24:09.556Z] > command requires scopes: ["email","openid","https://www.googleapis.com/auth/cloudplatformprojects.readonly","https://www.googleapis.com/auth/firebase","https://www.googleapis.com/auth/cloud-platform"]
[debug] [2018-05-08T16:24:09.556Z] > authorizing via signed-in user
[debug] [2018-05-08T16:24:09.557Z] >>> HTTP REQUEST GET https://admin.firebase.com/v1/projects/myrestaurant-4b36a  
  
 Wed May 09 2018 01:24:09 GMT+0900 (JST)
[debug] [2018-05-08T16:24:10.757Z] <<< HTTP RESPONSE 200
[debug] [2018-05-08T16:24:10.757Z] >>> HTTP REQUEST GET https://admin.firebase.com/v1/database/myrestaurant-4b36a/tokens  
  
 Wed May 09 2018 01:24:10 GMT+0900 (JST)
[debug] [2018-05-08T16:24:11.353Z] <<< HTTP RESPONSE 200
[debug] [2018-05-08T16:24:11.354Z] >>> HTTP REQUEST GET https://cloudresourcemanager.googleapis.com/v1/projects/myrestaurant-4b36a  
  
 Wed May 09 2018 01:24:11 GMT+0900 (JST)
[debug] [2018-05-08T16:24:12.498Z] <<< HTTP RESPONSE 200
[info] 
[info] === Serving from '/Users/renowan/Desktop/Git/my-restaurant'...
[info] 
[debug] [2018-05-08T16:24:13.027Z] Error: EACCES: permission denied, mkdir '/usr/local/lib/node_modules/firebase-tools/node_modules/@google-cloud/functions-emulator/logs'
    at Object.fs.mkdirSync (fs.js:892:18)
    at Object.assertLogsPath (/usr/local/lib/node_modules/firebase-tools/node_modules/@google-cloud/functions-emulator/src/emulator/logs.js:65:10)
    at new Controller (/usr/local/lib/node_modules/firebase-tools/node_modules/@google-cloud/functions-emulator/src/cli/controller.js:77:32)
    at FunctionsEmulator.start (/usr/local/lib/node_modules/firebase-tools/lib/functionsEmulator.js:111:21)
    at Object.start (/usr/local/lib/node_modules/firebase-tools/lib/serve/functions.js:9:29)
    at /usr/local/lib/node_modules/firebase-tools/lib/serve/index.js:17:21
    at arrayMap (/usr/local/lib/node_modules/firebase-tools/node_modules/lodash/lodash.js:639:23)
    at Function.map (/usr/local/lib/node_modules/firebase-tools/node_modules/lodash/lodash.js:9554:14)
    at _serve (/usr/local/lib/node_modules/firebase-tools/lib/serve/index.js:15:7)
    at Command._action (/usr/local/lib/node_modules/firebase-tools/commands/serve.js:48:12)
[error] 
[error] Error: An unexpected error has occurred.
